Performing C SOURCE FILE Test CMAKE_HAVE_LIBC_PTHREAD failed with the following output:
Change Dir: /run/media/raboten/c03df044-bb85-4f9c-a53f-e537b8a024a0/CorsixTH-0.40/CMakeFiles/CMakeTmp

Run Build Command(s):/usr/bin/make cmTC_7860b/fast && /usr/bin/make  -f CMakeFiles/cmTC_7860b.dir/build.make CMakeFiles/cmTC_7860b.dir/build
make[1]: Entering directory '/run/media/raboten/c03df044-bb85-4f9c-a53f-e537b8a024a0/CorsixTH-0.40/CMakeFiles/CMakeTmp'
Building C object CMakeFiles/cmTC_7860b.dir/src.c.o
/usr/bin/cc   -DCMAKE_HAVE_LIBC_PTHREAD -o CMakeFiles/cmTC_7860b.dir/src.c.o -c /run/media/raboten/c03df044-bb85-4f9c-a53f-e537b8a024a0/CorsixTH-0.40/CMakeFiles/CMakeTmp/src.c
Linking C executable cmTC_7860b
/usr/bin/cmake -E cmake_link_script CMakeFiles/cmTC_7860b.dir/link.txt --verbose=1
/usr/bin/cc  -DCMAKE_HAVE_LIBC_PTHREAD -rdynamic CMakeFiles/cmTC_7860b.dir/src.c.o -o cmTC_7860b 
/usr/bin/ld: CMakeFiles/cmTC_7860b.dir/src.c.o: in function `main':
src.c:(.text+0x3e): undefined reference to `pthread_create'
/usr/bin/ld: src.c:(.text+0x4a): undefined reference to `pthread_detach'
/usr/bin/ld: src.c:(.text+0x56): undefined reference to `pthread_cancel'
/usr/bin/ld: src.c:(.text+0x67): undefined reference to `pthread_join'
collect2: error: ld returned 1 exit status
make[1]: *** [CMakeFiles/cmTC_7860b.dir/build.make:106: cmTC_7860b] Error 1
make[1]: Leaving directory '/run/media/raboten/c03df044-bb85-4f9c-a53f-e537b8a024a0/CorsixTH-0.40/CMakeFiles/CMakeTmp'
make: *** [Makefile:140: cmTC_7860b/fast] Error 2


Source file was:
#include <pthread.h>

void* test_func(void* data)
{
  return data;
}

int main(void)
{
  pthread_t thread;
  pthread_create(&thread, NULL, test_func, NULL);
  pthread_detach(thread);
  pthread_cancel(thread);
  pthread_join(thread, NULL);
  pthread_atfork(NULL, NULL, NULL);
  pthread_exit(NULL);

  return 0;
}

Determining if the function pthread_create exists in the pthreads failed with the following output:
Change Dir: /run/media/raboten/c03df044-bb85-4f9c-a53f-e537b8a024a0/CorsixTH-0.40/CMakeFiles/CMakeTmp

Run Build Command(s):/usr/bin/make cmTC_ed5a8/fast && /usr/bin/make  -f CMakeFiles/cmTC_ed5a8.dir/build.make CMakeFiles/cmTC_ed5a8.dir/build
make[1]: Entering directory '/run/media/raboten/c03df044-bb85-4f9c-a53f-e537b8a024a0/CorsixTH-0.40/CMakeFiles/CMakeTmp'
Building C object CMakeFiles/cmTC_ed5a8.dir/CheckFunctionExists.c.o
/usr/bin/cc   -DCHECK_FUNCTION_EXISTS=pthread_create -o CMakeFiles/cmTC_ed5a8.dir/CheckFunctionExists.c.o -c /usr/share/cmake-3.18/Modules/CheckFunctionExists.c
Linking C executable cmTC_ed5a8
/usr/bin/cmake -E cmake_link_script CMakeFiles/cmTC_ed5a8.dir/link.txt --verbose=1
/usr/bin/cc  -DCHECK_FUNCTION_EXISTS=pthread_create -rdynamic CMakeFiles/cmTC_ed5a8.dir/CheckFunctionExists.c.o -o cmTC_ed5a8  -lpthreads 
/usr/bin/ld: cannot find -lpthreads
collect2: error: ld returned 1 exit status
make[1]: *** [CMakeFiles/cmTC_ed5a8.dir/build.make:106: cmTC_ed5a8] Error 1
make[1]: Leaving directory '/run/media/raboten/c03df044-bb85-4f9c-a53f-e537b8a024a0/CorsixTH-0.40/CMakeFiles/CMakeTmp'
make: *** [Makefile:140: cmTC_ed5a8/fast] Error 2



